2025-08-24 19:23:34.552 [main] ERROR c.a.f.rpc.service.UserProfileServiceImpl - 查询用户信息出错
org.apache.ibatis.binding.BindingException: Invalid bound statement (not found): com.asher.fastfooddataengine.mappers.UserProfileMapper.getUserByUserId
	at org.apache.ibatis.binding.MapperMethod$SqlCommand.<init>(MapperMethod.java:229)
	at org.apache.ibatis.binding.MapperMethod.<init>(MapperMethod.java:53)
	at org.apache.ibatis.binding.MapperProxy.lambda$cachedInvoker$0(MapperProxy.java:96)
	at java.base/java.util.concurrent.ConcurrentHashMap.computeIfAbsent(ConcurrentHashMap.java:1708)
	at org.apache.ibatis.util.MapUtil.computeIfAbsent(MapUtil.java:36)
	at org.apache.ibatis.binding.MapperProxy.cachedInvoker(MapperProxy.java:94)
	at org.apache.ibatis.binding.MapperProxy.invoke(MapperProxy.java:86)
	at jdk.proxy2/jdk.proxy2.$Proxy51.getUserByUserId(Unknown Source)
	at com.asher.fastfooddataengine.rpc.service.UserProfileServiceImpl.getUserByUserId(UserProfileServiceImpl.java:38)
	at com.asher.fastfooddataengine.FastfoodDataEngineApplication.main(FastfoodDataEngineApplication.java:29)
2025-08-24 19:25:14.155 [main] ERROR c.a.f.rpc.service.UserProfileServiceImpl - 查询用户信息出错
org.apache.ibatis.binding.BindingException: Invalid bound statement (not found): com.asher.fastfooddataengine.mappers.UserProfileMapper.getUserByUserId
	at org.apache.ibatis.binding.MapperMethod$SqlCommand.<init>(MapperMethod.java:229)
	at org.apache.ibatis.binding.MapperMethod.<init>(MapperMethod.java:53)
	at org.apache.ibatis.binding.MapperProxy.lambda$cachedInvoker$0(MapperProxy.java:96)
	at java.base/java.util.concurrent.ConcurrentHashMap.computeIfAbsent(ConcurrentHashMap.java:1708)
	at org.apache.ibatis.util.MapUtil.computeIfAbsent(MapUtil.java:36)
	at org.apache.ibatis.binding.MapperProxy.cachedInvoker(MapperProxy.java:94)
	at org.apache.ibatis.binding.MapperProxy.invoke(MapperProxy.java:86)
	at jdk.proxy2/jdk.proxy2.$Proxy51.getUserByUserId(Unknown Source)
	at com.asher.fastfooddataengine.rpc.service.UserProfileServiceImpl.getUserByUserId(UserProfileServiceImpl.java:38)
	at com.asher.fastfooddataengine.FastfoodDataEngineApplication.main(FastfoodDataEngineApplication.java:29)
2025-08-24 19:26:09.749 [main] ERROR c.a.f.rpc.service.UserProfileServiceImpl - 查询用户信息出错
org.apache.ibatis.binding.BindingException: Invalid bound statement (not found): com.asher.fastfooddataengine.mappers.UserProfileMapper.getUserByUserId
	at org.apache.ibatis.binding.MapperMethod$SqlCommand.<init>(MapperMethod.java:229)
	at org.apache.ibatis.binding.MapperMethod.<init>(MapperMethod.java:53)
	at org.apache.ibatis.binding.MapperProxy.lambda$cachedInvoker$0(MapperProxy.java:96)
	at java.base/java.util.concurrent.ConcurrentHashMap.computeIfAbsent(ConcurrentHashMap.java:1708)
	at org.apache.ibatis.util.MapUtil.computeIfAbsent(MapUtil.java:36)
	at org.apache.ibatis.binding.MapperProxy.cachedInvoker(MapperProxy.java:94)
	at org.apache.ibatis.binding.MapperProxy.invoke(MapperProxy.java:86)
	at jdk.proxy2/jdk.proxy2.$Proxy51.getUserByUserId(Unknown Source)
	at com.asher.fastfooddataengine.rpc.service.UserProfileServiceImpl.getUserByUserId(UserProfileServiceImpl.java:38)
	at com.asher.fastfooddataengine.FastfoodDataEngineApplication.main(FastfoodDataEngineApplication.java:29)
2025-08-24 20:29:48.622 [main] ERROR c.a.f.rpc.service.UserProfileServiceImpl - 查询用户信息出错
org.apache.ibatis.binding.BindingException: Invalid bound statement (not found): com.asher.fastfooddataengine.mappers.UserProfileMapper.getUserByUserId
	at org.apache.ibatis.binding.MapperMethod$SqlCommand.<init>(MapperMethod.java:229)
	at org.apache.ibatis.binding.MapperMethod.<init>(MapperMethod.java:53)
	at org.apache.ibatis.binding.MapperProxy.lambda$cachedInvoker$0(MapperProxy.java:96)
	at java.base/java.util.concurrent.ConcurrentHashMap.computeIfAbsent(ConcurrentHashMap.java:1708)
	at org.apache.ibatis.util.MapUtil.computeIfAbsent(MapUtil.java:36)
	at org.apache.ibatis.binding.MapperProxy.cachedInvoker(MapperProxy.java:94)
	at org.apache.ibatis.binding.MapperProxy.invoke(MapperProxy.java:86)
	at jdk.proxy2/jdk.proxy2.$Proxy51.getUserByUserId(Unknown Source)
	at com.asher.fastfooddataengine.rpc.service.UserProfileServiceImpl.getUserByUserId(UserProfileServiceImpl.java:38)
	at com.asher.fastfooddataengine.FastfoodDataEngineApplication.main(FastfoodDataEngineApplication.java:29)
2025-08-24 20:51:16.405 [main] ERROR c.a.f.rpc.service.UserProfileServiceImpl - 查询用户信息出错
org.apache.ibatis.binding.BindingException: Invalid bound statement (not found): com.asher.fastfooddataengine.mappers.UserProfileMapper.getUserByUserId
	at org.apache.ibatis.binding.MapperMethod$SqlCommand.<init>(MapperMethod.java:229)
	at org.apache.ibatis.binding.MapperMethod.<init>(MapperMethod.java:53)
	at org.apache.ibatis.binding.MapperProxy.lambda$cachedInvoker$0(MapperProxy.java:96)
	at java.base/java.util.concurrent.ConcurrentHashMap.computeIfAbsent(ConcurrentHashMap.java:1708)
	at org.apache.ibatis.util.MapUtil.computeIfAbsent(MapUtil.java:36)
	at org.apache.ibatis.binding.MapperProxy.cachedInvoker(MapperProxy.java:94)
	at org.apache.ibatis.binding.MapperProxy.invoke(MapperProxy.java:86)
	at jdk.proxy2/jdk.proxy2.$Proxy51.getUserByUserId(Unknown Source)
	at com.asher.fastfooddataengine.rpc.service.UserProfileServiceImpl.getUserByUserId(UserProfileServiceImpl.java:38)
	at com.asher.fastfooddataengine.FastfoodDataEngineApplication.main(FastfoodDataEngineApplication.java:29)
2025-08-24 20:55:36.435 [main] ERROR c.a.f.rpc.service.UserProfileServiceImpl - 查询用户信息出错
org.apache.ibatis.binding.BindingException: Invalid bound statement (not found): com.asher.fastfooddataengine.mappers.UserProfileMapper.getUserByUserId
	at org.apache.ibatis.binding.MapperMethod$SqlCommand.<init>(MapperMethod.java:229)
	at org.apache.ibatis.binding.MapperMethod.<init>(MapperMethod.java:53)
	at org.apache.ibatis.binding.MapperProxy.lambda$cachedInvoker$0(MapperProxy.java:96)
	at java.base/java.util.concurrent.ConcurrentHashMap.computeIfAbsent(ConcurrentHashMap.java:1708)
	at org.apache.ibatis.util.MapUtil.computeIfAbsent(MapUtil.java:36)
	at org.apache.ibatis.binding.MapperProxy.cachedInvoker(MapperProxy.java:94)
	at org.apache.ibatis.binding.MapperProxy.invoke(MapperProxy.java:86)
	at jdk.proxy2/jdk.proxy2.$Proxy51.getUserByUserId(Unknown Source)
	at com.asher.fastfooddataengine.rpc.service.UserProfileServiceImpl.getUserByUserId(UserProfileServiceImpl.java:38)
	at com.asher.fastfooddataengine.FastfoodDataEngineApplication.main(FastfoodDataEngineApplication.java:28)
2025-08-24 20:56:57.694 [main] ERROR c.a.f.rpc.service.UserProfileServiceImpl - 查询用户信息出错
org.apache.ibatis.binding.BindingException: Invalid bound statement (not found): com.asher.fastfooddataengine.mappers.UserProfileMapper.getUserByUserId
	at org.apache.ibatis.binding.MapperMethod$SqlCommand.<init>(MapperMethod.java:229)
	at org.apache.ibatis.binding.MapperMethod.<init>(MapperMethod.java:53)
	at org.apache.ibatis.binding.MapperProxy.lambda$cachedInvoker$0(MapperProxy.java:96)
	at java.base/java.util.concurrent.ConcurrentHashMap.computeIfAbsent(ConcurrentHashMap.java:1708)
	at org.apache.ibatis.util.MapUtil.computeIfAbsent(MapUtil.java:36)
	at org.apache.ibatis.binding.MapperProxy.cachedInvoker(MapperProxy.java:94)
	at org.apache.ibatis.binding.MapperProxy.invoke(MapperProxy.java:86)
	at jdk.proxy2/jdk.proxy2.$Proxy51.getUserByUserId(Unknown Source)
	at com.asher.fastfooddataengine.rpc.service.UserProfileServiceImpl.getUserByUserId(UserProfileServiceImpl.java:38)
	at com.asher.fastfooddataengine.FastfoodDataEngineApplication.main(FastfoodDataEngineApplication.java:28)
